
> @flux/staff-pwa@1.0.0 build
> next build

   ▲ Next.js 15.5.19

   Linting and checking validity of types ...
   Creating an optimized production build ...
 ✓ Compiled successfully in 16.9s
   Collecting page data ...
   Generating static pages (0/3) ...
 ✓ Generating static pages (3/3)
   Finalizing page optimization ...
   Collecting build traces ...

Route (pages)                                Size  First Load JS
┌ ○ /                                      146 kB         227 kB
├   /_app                                     0 B        81.7 kB
├ ○ /404                                  2.29 kB          84 kB
├ ƒ /api/events/[id]/scan-fail                0 B        81.7 kB
├ ƒ /api/events/[id]/staff-mutation           0 B        81.7 kB
└ ƒ /api/events/[id]/staff-sync               0 B        81.7 kB
+ First Load JS shared by all             86.8 kB
  ├ chunks/framework-d8f01f7e25201916.js  44.8 kB
  ├ chunks/main-4fa1802e42229f25.js       34.7 kB
  └ other shared chunks (total)           7.25 kB

○  (Static)   prerendered as static content
ƒ  (Dynamic)  server-rendered on demand

