
> @flux/client@1.0.0 build
> next build

  ▲ Next.js 14.2.35

   Linting and checking validity of types ...
   Creating an optimized production build ...
 ✓ Compiled successfully
   Collecting page data ...
   Generating static pages (0/6) ...
   Generating static pages (1/6) 
   Generating static pages (2/6) 
   Generating static pages (4/6) 
 ✓ Generating static pages (6/6)
   Finalizing page optimization ...
   Collecting build traces ...

Route (pages)                             Size     First Load JS
┌ ○ /                                     3.84 kB        94.3 kB
├   /_app                                 0 B            80.1 kB
├ ○ /404                                  180 B          80.2 kB
├ ƒ /api/auth/logout                      0 B            80.1 kB
├ ƒ /api/auth/magic-link                  0 B            80.1 kB
├ ƒ /api/events/[id]                      0 B            80.1 kB
├ ƒ /api/payments/checkout                0 B            80.1 kB
├ ƒ /api/read/events                      0 B            80.1 kB
├ ƒ /api/tickets/[ticketId]/googlepay     0 B            80.1 kB
├ ƒ /api/tickets/[ticketId]/pkpass        0 B            80.1 kB
├ ƒ /api/tickets/renew-lock               0 B            80.1 kB
├ ƒ /api/tickets/reserve                  0 B            80.1 kB
├ ƒ /api/tickets/transfer                 0 B            80.1 kB
├ ƒ /api/tickets/user                     0 B            80.1 kB
├ ƒ /api/tickets/validate                 0 B            80.1 kB
├ ○ /checkout/[eventId]                   9.9 kB         96.9 kB
├ ƒ /checkout/success                     2.24 kB        92.7 kB
├ ○ /event/[id]                           4.58 kB          95 kB
├ ○ /profile                              5.86 kB        96.3 kB
├ ƒ /profile/validate/[ticketId]          2.66 kB        93.1 kB
└ ƒ /ticket/[ticketId]                    3.62 kB        90.7 kB
+ First Load JS shared by all             89.1 kB
  ├ chunks/framework-e82a91356956e6c8.js  44.8 kB
  ├ chunks/main-ebe18a874d1c2ea2.js       34 kB
  └ other shared chunks (total)           10.2 kB

○  (Static)   prerendered as static content
ƒ  (Dynamic)  server-rendered on demand

