
> @flux/dashboard@1.0.0 build
> next build

   ▲ Next.js 15.5.19

   Linting and checking validity of types ...
   Creating an optimized production build ...
 ✓ Compiled successfully in 2.5s
   Collecting page data ...
   Generating static pages (0/7) ...
   Generating static pages (1/7) 
   Generating static pages (3/7) 
   Generating static pages (5/7) 
 ✓ Generating static pages (7/7)
   Finalizing page optimization ...
   Collecting build traces ...

Route (pages)                                  Size  First Load JS
┌ ○ / (404 ms)                               117 kB         203 kB
├   /_app                                       0 B        81.7 kB
├ ○ /404                                    2.29 kB          84 kB
├ ƒ /api/batches/[batchId]                      0 B        81.7 kB
├ ƒ /api/dashboard/[...path]                    0 B        81.7 kB
├ ƒ /api/dashboard/events                       0 B        81.7 kB
├ ƒ /api/events                                 0 B        81.7 kB
├ ƒ /api/events/[eventId]                       0 B        81.7 kB
├ ƒ /api/events/[eventId]/batches               0 B        81.7 kB
├ ƒ /api/monitoring/queues                      0 B        81.7 kB
├ ƒ /api/overview                               0 B        81.7 kB
├ ƒ /api/settings/pause                         0 B        81.7 kB
├ ƒ /api/settings/throttle                      0 B        81.7 kB
├ ƒ /api/tickets/validation                     0 B        81.7 kB
├ ○ /events (404 ms)                        3.98 kB        90.1 kB
├ ○ /events/[eventId] (404 ms)              4.29 kB        90.4 kB
├ ○ /events/[eventId]/batches/new (407 ms)  4.35 kB        90.5 kB
└ ○ /events/new (404 ms)                     3.9 kB          90 kB
+ First Load JS shared by all               88.7 kB
  ├ chunks/framework-d8f01f7e25201916.js    44.8 kB
  ├ chunks/main-b0bdb0c8507cdc4c.js         34.7 kB
  └ other shared chunks (total)             9.15 kB

○  (Static)   prerendered as static content
ƒ  (Dynamic)  server-rendered on demand

